"../../../Engine/Content/Functions/Engine_MaterialFunctions01/Opacity/CameraDepthFade.uasset" 0
"../../../Engine/Content/EngineMaterials/T_Default_Material_Grid_M.uasset" 1
"../../../Engine/Content/EngineMaterials/T_Default_Material_Grid_N.uasset" 2
"../../../Engine/Content/EngineMaterials/DefaultMaterial.uasset" 3
"../../../Engine/Content/BasicShapes/Cone.uasset" 4
"../../../Engine/Content/EngineMaterials/WorldGridMaterial.uasset" 5
"../../../Engine/Content/BasicShapes/Cube.uasset" 6
"../../../Engine/Content/BasicShapes/Cylinder.uasset" 7
"../../../Engine/Content/BasicShapes/Plane.uasset" 8
"../../../Engine/Content/BasicShapes/Sphere.uasset" 9
"../../../Engine/Content/EditorLandscapeResources/DataLayer.uasset" 10
"../../../Engine/Content/EditorMaterials/GizmoMaterial.uasset" 11
"../../../Engine/Content/EditorMaterials/MAT_Groups_Toggle.uasset" 12
"../../../Engine/Content/EditorMaterials/MAT_Groups_Visibility.uasset" 13
"../../../Engine/Content/EditorMaterials/PreviewShadowIndicator.uasset" 14
"../../../Engine/Content/EditorMaterials/PreviewShadowIndicatorMaterial.uasset" 15
"../../../Engine/Content/EditorMaterials/MatineeGroups/MAT_ColorTrack.uasset" 16
"../../../Engine/Content/EditorMaterials/MatineeGroups/MAT_Groups_Anim.uasset" 17
"../../../Engine/Content/EditorMaterials/MatineeGroups/MAT_Groups_AudioMaster.uasset" 18
"../../../Engine/Content/EditorMaterials/MatineeGroups/MAT_Groups_Director.uasset" 19
"../../../Engine/Content/EditorMaterials/MatineeGroups/MAT_Groups_Event.uasset" 20
"../../../Engine/Content/EditorMaterials/MatineeGroups/MAT_Groups_Fade.uasset" 21
"../../../Engine/Content/EditorMaterials/MatineeGroups/MAT_Groups_Float.uasset" 22
"../../../Engine/Content/EditorMaterials/MatineeGroups/MAT_Groups_Move.uasset" 23
"../../../Engine/Content/EditorMaterials/MatineeGroups/MAT_Groups_Slomo.uasset" 24
"../../../Engine/Content/EditorMaterials/MatineeGroups/MAT_Groups_Sound.uasset" 25
"../../../Engine/Content/EditorMaterials/MatineeGroups/MAT_Groups_Vector.uasset" 26
"../../../Engine/Content/EditorMaterials/ParticleSystems/PSysThumbnail_NoImage.uasset" 27
"../../../Engine/Content/EditorMaterials/ParticleSystems/PSysThumbnail_OOD.uasset" 28
"../../../Engine/Content/EditorMaterials/Camera/CineMat.uasset" 29
"../../../Engine/Content/EditorMaterials/Camera/MI_CineMat_Rig.uasset" 30
"../../../Engine/Content/EditorMeshes/Camera/SM_CraneRig_Arm.uasset" 31
"../../../Engine/Content/EditorMeshes/Camera/SM_CraneRig_Base.uasset" 32
"../../../Engine/Content/EditorMeshes/Camera/SM_CraneRig_Body.uasset" 33
"../../../Engine/Content/EditorMeshes/Camera/SM_CraneRig_Mount.uasset" 34
"../../../Engine/Content/EditorMeshes/Camera/SM_RailRig_Mount.uasset" 35
"../../../Engine/Content/EditorMeshes/Camera/SM_RailRig_Track.uasset" 36
"../../../Engine/Content/EditorMeshes/ColorCalibrator/M_ChromeBall.uasset" 37
"../../../Engine/Content/EditorMeshes/ColorCalibrator/M_ClearCoat.uasset" 38
"../../../Engine/Content/EditorMeshes/ColorCalibrator/M_ClearCoatBlack.uasset" 39
"../../../Engine/Content/EditorMeshes/ColorCalibrator/Color_checker.uasset" 40
"../../../Engine/Content/EditorMeshes/ColorCalibrator/M_ColorGrid.uasset" 41
"../../../Engine/Content/EditorMeshes/ColorCalibrator/M_GreyBall.uasset" 42
"../../../Engine/Content/EditorMeshes/ColorCalibrator/SM_ColorCalibrator.uasset" 43
"../../../Engine/Content/EditorResources/BSPVertex.uasset" 44
"../../../Engine/Content/EditorResources/EmptyActor.uasset" 45
"../../../Engine/Content/EditorResources/S_Actor.uasset" 46
"../../../Engine/Content/EditorResources/S_Trigger.uasset" 47
"../../../Engine/Content/EditorResources/SequenceRecorder/Countdown.uasset" 48
"../../../Engine/Content/EditorResources/SequenceRecorder/RecordingIndicator.uasset" 49
"../../../Engine/Content/EditorSounds/Notifications/CompileFailed.uasset" 50
"../../../Engine/Content/EditorSounds/Notifications/CompileFailed_Cue.uasset" 51
"../../../Engine/Content/EditorSounds/Notifications/CompileSuccess.uasset" 52
"../../../Engine/Content/EditorSounds/Notifications/CompileStart_Cue.uasset" 53
"../../../Engine/Content/EditorSounds/Notifications/CompileSuccess_Cue.uasset" 54
"../../../Engine/Content/EngineDamageTypes/DmgTypeBP_Environmental.uasset" 55
"../../../Engine/Content/EngineDebugMaterials/HeatmapGradient.uasset" 56
"../../../Engine/Content/EngineDebugMaterials/BoneWeightMaterial.uasset" 57
"../../../Engine/Content/EngineDebugMaterials/ClothMaterial.uasset" 58
"../../../Engine/Content/EngineDebugMaterials/ClothMaterial_WF.uasset" 59
"../../../Engine/Content/EngineDebugMaterials/DebugEditorMaterial.uasset" 60
"../../../Engine/Content/EngineDebugMaterials/DebugMeshMaterial.uasset" 61
"../../../Engine/Content/EngineDebugMaterials/GeomMaterial.uasset" 62
"../../../Engine/Content/EngineFonts/Faces/RobotoBold.uasset" 63
"../../../Engine/Content/EngineFonts/Faces/RobotoBoldItalic.uasset" 64
"../../../Engine/Content/EngineFonts/Faces/RobotoItalic.uasset" 65
"../../../Engine/Content/EngineFonts/Faces/RobotoLight.uasset" 66
"../../../Engine/Content/EngineFonts/Faces/RobotoRegular.uasset" 67
"../../../Engine/Content/EngineFonts/Roboto.uasset" 68
"../../../Engine/Content/EngineMaterials/DefaultBloomKernel.uasset" 69
"../../../Engine/Content/EngineMaterials/DefaultBokeh.uasset" 70
"../../../Engine/Content/EngineMaterials/DefaultDiffuse.uasset" 71
"../../../Engine/Content/EngineMaterials/DefaultDeferredDecalMaterial.uasset" 72
"../../../Engine/Content/EngineMaterials/DefaultLightFunctionMaterial.uasset" 73
"../../../Engine/Content/EngineMaterials/DefaultPhysicalMaterial.uasset" 74
"../../../Engine/Content/Functions/Engine_MaterialFunctions02/Utility/BreakOutFloat2Components.uasset" 75
"../../../Engine/Content/EngineMaterials/DefaultPostProcessMaterial.uasset" 76
"../../../Engine/Content/EngineFonts/RobotoDistanceField.uasset" 77
"../../../Engine/Content/EngineMaterials/DefaultTextMaterialOpaque.uasset" 78
"../../../Engine/Content/EngineMaterials/DefaultWhiteGrid.uasset" 79
"../../../Engine/Content/EngineMaterials/EditorBrushMaterial.uasset" 80
"../../../Engine/Content/EngineMaterials/Good64x64TilingNoiseHighFreq.uasset" 81
"../../../Engine/Content/EngineMaterials/MiniFont.uasset" 82
"../../../Engine/Content/EngineMaterials/InvalidLightmapSettings.uasset" 83
"../../../Engine/Content/EngineMaterials/M_InvalidLightmapSettings.uasset" 84
"../../../Engine/Content/Functions/Engine_MaterialFunctions02/WorldPositionOffset/CameraOffset.uasset" 85
"../../../Engine/Content/EngineMaterials/PhAT_JointLimitMaterial.uasset" 86
"../../../Engine/Content/EngineMaterials/PreintegratedSkinBRDF.uasset" 87
"../../../Engine/Content/EngineMaterials/RemoveSurfaceMaterial.uasset" 88
"../../../Engine/Content/EngineMaterials/WeightMapPlaceholderTexture.uasset" 89
"../../../Engine/Content/EngineResources/WhiteSquareTexture.uasset" 90
"../../../Engine/Content/EngineMaterials/Widget3DPassThrough.uasset" 91
"../../../Engine/Content/EngineMaterials/Widget3DPassThrough_Masked.uasset" 92
"../../../Engine/Content/EngineMaterials/Widget3DPassThrough_Opaque.uasset" 93
"../../../Engine/Content/EngineMaterials/Widget3DPassThrough_Masked_OneSided.uasset" 94
"../../../Engine/Content/EngineMaterials/Widget3DPassThrough_Opaque_OneSided.uasset" 95
"../../../Engine/Content/EngineMaterials/Widget3DPassThrough_Translucent.uasset" 96
"../../../Engine/Content/EngineMaterials/Widget3DPassThrough_Translucent_OneSided.uasset" 97
"../../../Engine/Content/EngineMeshes/Cube.uasset" 98
"../../../Engine/Content/EngineMeshes/Sphere.uasset" 99
"../../../Engine/Content/EngineResources/Black.uasset" 100
"../../../Engine/Content/EngineResources/DefaultTexture.uasset" 101
"../../../Engine/Content/EngineResources/DefaultTextureCube.uasset" 102
"../../../Engine/Content/EngineResources/GradientTexture0.uasset" 103
"../../../Engine/Content/EngineSounds/Master.uasset" 104
"../../../Engine/Content/Functions/Engine_MaterialFunctions01/Shading/ConvertFromDiffSpec.uasset" 105
"../../../Engine/Content/Functions/Engine_MaterialFunctions01/Shading/PowerToRoughness.uasset" 106
"../../../Engine/Content/Maps/Templates/Thumbnails/Default.uasset" 107
"../../../Engine/Content/Maps/Templates/Thumbnails/VR-Basic.uasset" 108
"../../../Engine/Content/MobileResources/T_MobileControls_texture.uasset" 109
"../../../Engine/Content/MobileResources/T_MobileMenu2.uasset" 110
"../../../Engine/Content/MobileResources/HUD/AnalogHat.uasset" 111
"../../../Engine/Content/MobileResources/HUD/VirtualJoystick_Background.uasset" 112
"../../../Engine/Content/MobileResources/HUD/VirtualJoystick_Thumb.uasset" 113
"../../../Engine/Content/MobileResources/HUD/DefaultVirtualJoysticks.uasset" 114
"../../../Engine/Content/MobileResources/HUD/LeftVirtualJoystickOnly.uasset" 115
"../../../Engine/Content/MobileResources/HUD/MobileHUDButton1_off.uasset" 116
"../../../Engine/Content/MobileResources/HUD/MobileHUDButton1_on.uasset" 117
"../../../Engine/Content/MobileResources/HUD/MobileHUDButton2_off.uasset" 118
"../../../Engine/Content/MobileResources/HUD/MobileHUDButton2_on.uasset" 119
"../../../Engine/Content/MobileResources/HUD/MobileHUDButton3.uasset" 120
"../../../Engine/Content/MobileResources/HUD/MobileHUDButtonFire.uasset" 121
"../../../Engine/Content/MobileResources/HUD/MobileHUDDirectionPad.uasset" 122
"../../../Engine/Content/MobileResources/HUD/MobileHUDDirectionPad2.uasset" 123
"../../../Engine/Content/MobileResources/HUD/MobileHUDDirectionPad3.uasset" 124
"../../../Engine/Content/MobileResources/HUD/MobileHUDDirectionStick.uasset" 125
"../../../Engine/Content/MobileResources/HUD/T_Castle_ThumbstickInner.uasset" 126
"../../../Engine/Content/MobileResources/HUD/T_Castle_ThumbstickOutter.uasset" 127
"../../../Engine/Content/Tutorial/ContentIntroCurve.uasset" 128
"../../../Engine/Content/Tutorial/Basics/TutorialAssets/CameraActor_64x.uasset" 129
"../../../Engine/Content/Tutorial/Basics/TutorialAssets/icon_tab_Levels_40x.uasset" 130
"../../../Engine/Content/Tutorial/BlueprintTutorials/TutorialAssets/BlueprintInterface_64x.uasset" 131
"../../../Engine/Content/Tutorial/BlueprintTutorials/TutorialAssets/BlueprintMacroLibrary_64x.uasset" 132
"../../../Engine/Content/Tutorial/BlueprintTutorials/TutorialAssets/Blueprint_64x.uasset" 133
"../../../Engine/Content/EditorBlueprintResources/ActorMacros.uasset" 134
"../../../Engine/Content/EditorBlueprintResources/StandardMacros.uasset" 135
"../../../Engine/Content/Tutorial/BlueprintTutorials/TutorialAssets/Tutorial_BP_Class.uasset" 136
"../../../Engine/Content/Tutorial/BlueprintTutorials/TutorialAssets/Tutorial_BP_Interface.uasset" 137
"../../../Engine/Content/Tutorial/Foliage/TutorialAssets/Foliage.uasset" 138
"../../../Engine/Content/Tutorial/Landscape/TutorialAssets/Landscape.uasset" 139
"../../../Engine/Content/Tutorial/Mobile/TutorialAssets/android_Icon.uasset" 140
"../../../Engine/Content/Tutorial/Paper2D/TutorialAssets/Paper2DFlipbook_TutorialIcon.uasset" 141
"../../../Engine/Content/Tutorial/Paper2D/TutorialAssets/Paper2DSprite_TutorialIcon.uasset" 142
"../../../Engine/Content/Tutorial/SubEditors/TutorialAssets/icon_Editor_Preferences_General_40x.uasset" 143
"../../../Engine/Content/Tutorial/SubEditors/TutorialAssets/icon_ShowSkeletalMeshes_40x.uasset" 144
"../../../Engine/Content/Tutorial/SubEditors/TutorialAssets/TutorialMaterial.uasset" 145
"../../../Engine/Content/Tutorial/SubEditors/TutorialAssets/T_SmokeSubUV_8X8.uasset" 146
"../../../Engine/Content/Tutorial/SubEditors/TutorialAssets/T_soft_smoke.uasset" 147
"../../../Engine/Content/Tutorial/SubEditors/TutorialAssets/M_smoke_subUV_blackbody.uasset" 148
"../../../Engine/Content/Tutorial/SubEditors/TutorialAssets/TutorialParticleSystem.uasset" 149
"../../../Engine/Content/Functions/Engine_MaterialFunctions02/Utility/BreakOutFloat3Components.uasset" 150
"../../../Engine/Content/Functions/Engine_MaterialFunctions02/Math/Transform3x3Matrix.uasset" 151
"../../../Engine/Content/Functions/Engine_MaterialFunctions02/SplitComponents.uasset" 152
"../../../Engine/Content/Functions/Engine_MaterialFunctions02/Utility/MakeFloat3.uasset" 153
"../../../Engine/Content/VREditor/SnapGrid/SnapGridMaterial.uasset" 154
"../../../Engine/Content/VREditor/LaserPointer/VR_LaserPower_01.uasset" 155
"../../../Engine/Content/VREditor/TransformGizmo/TransformGizmoMaterial.uasset" 156
"../../../Engine/Content/VREditor/TransformGizmo/TransformGizmoMaterial_Inst.uasset" 157
"../../../Engine/Content/VREditor/TransformGizmo/TranslucentTransformGizmoMaterial.uasset" 158
"../../../Engine/Content/VREditor/TransformGizmo/TranslucentTransformGizmoMaterial_Inst.uasset" 159
"../../../Engine/Content/VREditor/SnapGrid/SnapGridPlaneMesh.uasset" 160
"../../../Engine/Content/VREditor/Sounds/UI/Drop_Item_From_ContentBrowser.uasset" 161
"../../../Engine/Content/VREditor/Sounds/UI/Gizmo_Handle_Clicked.uasset" 162
"../../../Engine/Content/VREditor/Sounds/UI/Object_PickUp.uasset" 163
"../../../Engine/Content/VREditor/Sounds/UI/Object_Snaps_To_Another_Actor.uasset" 164
"../../../Engine/Content/VREditor/Sounds/UI/Object_Snaps_To_Grid.uasset" 165
"../../../Engine/Content/VREditor/Sounds/UI/Scaling_Down.uasset" 166
"../../../Engine/Content/VREditor/Sounds/UI/Scaling_Up.uasset" 167
"../../../Engine/Content/VREditor/Sounds/UI/Selection_Changes.uasset" 168
"../../../Engine/Content/VREditor/TransformGizmo/PlaneTranslationHandle.uasset" 169
"../../../Engine/Content/VREditor/TransformGizmo/RotationHandleFull.uasset" 170
"../../../Engine/Content/VREditor/TransformGizmo/RotationHandleIndicator.uasset" 171
"../../../Engine/Content/VREditor/TransformGizmo/RotationHandleQuarter.uasset" 172
"../../../Engine/Content/VREditor/TransformGizmo/StartRotationHandleIndicator.uasset" 173
"../../../Engine/Content/VREditor/TransformGizmo/TransformGizmoFreeRotation.uasset" 174
"../../../Engine/Content/VREditor/TransformGizmo/TranslateArrowHandle.uasset" 175
"../../../Engine/Content/VREditor/TransformGizmo/UniformScaleHandle.uasset" 176
"../../../Engine/Content/VREditor/ViewportInteractionAssetContainerData.uasset" 177
"../../../Engine/Content/VREditor/Fonts/VRText_RobotoLarge.uasset" 178
"../../../Engine/Content/VREditor/Fonts/VRTextMaterial.uasset" 179
"../../../Engine/Content/Functions/Engine_MaterialFunctions01/Gradient/RadialGradient.uasset" 180
"../../../Engine/Content/VREditor/WorldMovementGrid/SimpleGrid.uasset" 181
"../../../Engine/Content/VREditor/WorldMovementGrid/GridMaterial.uasset" 182
"../../../Engine/Content/Functions/Engine_MaterialFunctions01/Density/ExponentialDensity.uasset" 183
"../../../Engine/Content/VREditor/WorldMovementGrid/GridPostProcess.uasset" 184
"../../../Engine/Content/VREditor/Devices/Vive/VivePreController_MasksB.uasset" 185
"../../../Engine/Content/VREditor/Devices/Oculus/OculusControllerMaterial.uasset" 186
"../../../Engine/Content/VREditor/Devices/Oculus/OculusControllerMaterial_Inst.uasset" 187
"../../../Engine/Content/VREditor/Devices/Vive/T_VivePreController_EM.uasset" 188
"../../../Engine/Content/VREditor/Devices/Vive/VivePreController_MasksA.uasset" 189
"../../../Engine/Content/VREditor/Devices/Vive/VivePreControllerDiffuse.uasset" 190
"../../../Engine/Content/VREditor/Devices/Vive/VivePreControllerSpec.uasset" 191
"../../../Engine/Content/VREditor/Devices/Vive/VivePreControllerMaterial.uasset" 192
"../../../Engine/Content/VREditor/Devices/Vive/VivePreControllerMaterial_Inst.uasset" 193
"../../../Engine/Content/VREditor/LaserPointer/LaserPointerMaterial.uasset" 194
"../../../Engine/Content/VREditor/LaserPointer/LaserPointerMaterialInst.uasset" 195
"../../../Engine/Content/VREditor/LaserPointer/TranslucentLaserPointerMaterialInst.uasset" 196
"../../../Engine/Content/VREditor/Teleport/TeleportDirectionMaterial.uasset" 197
"../../../Engine/Content/VREditor/Teleport/TeleportDirectionMaterial_Inst.uasset" 198
"../../../Engine/Content/VREditor/Devices/Generic/GenericHMDMaterial.uasset" 199
"../../../Engine/Content/VREditor/Devices/Generic/GenericHMD.uasset" 200
"../../../Engine/Content/VREditor/Devices/Oculus/OculusControllerMesh.uasset" 201
"../../../Engine/Content/VREditor/Devices/Vive/VivePreControllerMesh.uasset" 202
"../../../Engine/Content/VREditor/LaserPointer/CursorPointer.uasset" 203
"../../../Engine/Content/VREditor/LaserPointer/HoverMaterial.uasset" 204
"../../../Engine/Content/VREditor/LaserPointer/TranslucentHoverMaterial.uasset" 205
"../../../Engine/Content/VREditor/LaserPointer/HoverMesh.uasset" 206
"../../../Engine/Content/VREditor/LaserPointer/LaserPointerMesh.uasset" 207
"../../../Engine/Content/VREditor/LaserPointer/LaserPointerMesh_End.uasset" 208
"../../../Engine/Content/VREditor/LaserPointer/LaserPointerMesh_Start.uasset" 209
"../../../Engine/Content/VREditor/Sounds/UI/Click_on_Button_Cue.uasset" 210
"../../../Engine/Content/VREditor/Sounds/UI/Dockable_Window_Close.uasset" 211
"../../../Engine/Content/VREditor/Sounds/UI/Dockable_Window_Drop.uasset" 212
"../../../Engine/Content/VREditor/Sounds/UI/Dockable_Window_Open.uasset" 213
"../../../Engine/Content/VREditor/Sounds/UI/Dockable_Window_Pick_Up.uasset" 214
"../../../Engine/Content/VREditor/Sounds/UI/Floating_UI_Open-001.uasset" 215
"../../../Engine/Content/VREditor/Sounds/UI/Radial_Menu_FadeOut.uasset" 216
"../../../Engine/Content/VREditor/Sounds/UI/Teleport_Mode_Entered.uasset" 217
"../../../Engine/Content/VREditor/Sounds/VR_teleport.uasset" 218
"../../../Engine/Content/VREditor/Teleport/TeleportDirectionMesh.uasset" 219
"../../../Engine/Content/VREditor/TransformGizmo/Main.uasset" 220
"../../../Engine/Content/VREditor/TransformGizmo/Xray.uasset" 221
"../../../Engine/Content/VREditor/TransformGizmo/SM_Dialog_Close.uasset" 222
"../../../Engine/Content/VREditor/TransformGizmo/SM_Dialog_Move.uasset" 223
"../../../Engine/Content/VREditor/Devices/Vive/UE4_Logo.uasset" 224
"../../../Engine/Content/VREditor/UI/M_ContentWindow.uasset" 225
"../../../Engine/Content/VREditor/UI/SM_ContentWindow_01.uasset" 226
"../../../Engine/Content/VREditor/UI/KeyDiskMaterial.uasset" 227
"../../../Engine/Content/VREditor/UI/DiscMaterial.uasset" 228
"../../../Engine/Content/VREditor/UI/SM_Radial_Disk.uasset" 229
"../../../Engine/Content/VREditor/UI/ArrowMaterial.uasset" 230
"../../../Engine/Content/VREditor/UI/SM_Radial_Pointer.uasset" 231
"../../../Engine/Content/EditorLandscapeResources/FlattenHeightMat.uasset" 232
"../../../Engine/Content/VREditor/WorldMovementGrid/PlaneMesh.uasset" 233
"../../../Engine/Content/VREditor/VREditorAssetContainerData.uasset" 234
"../../../Engine/Content/VREditor/FloatingText/LineMaterial.uasset" 235
"../../../Engine/Content/VREditor/FloatingText/JointSphere.uasset" 236
"../../../Engine/Content/VREditor/FloatingText/LineSegmentCylinder.uasset" 237
"../../../Engine/Content/VREditor/Fonts/TranslucentVRTextMaterial.uasset" 238
"../../../Engine/Content/VREditor/TransformGizmo/BoundingBoxCorner.uasset" 239
"../../../Engine/Content/VREditor/TransformGizmo/BoundingBoxEdge.uasset" 240
"../../../Engine/Content/VREditor/TransformGizmo/SM_Sequencer_Key.uasset" 241
"../../../Engine/Content/VREditor/TransformGizmo/SM_Sequencer_Node.uasset" 242
"../../../Engine/Plugins/2D/Paper2D/Content/PlaceholderTextures/DummySpriteTexture.uasset" 243
"../../../Engine/Plugins/2D/Paper2D/Content/DummySprite.uasset" 244
"../../../Engine/Plugins/2D/Paper2D/Content/DefaultPaperTerrainMaterial.uasset" 245
"../../../Engine/Plugins/2D/Paper2D/Content/DefaultSpriteMaterial.uasset" 246
"../../../Engine/Plugins/2D/Paper2D/Content/MaskedUnlitSpriteMaterial.uasset" 247
"../../../Engine/Plugins/2D/Paper2D/Content/OpaqueUnlitSpriteMaterial.uasset" 248
"../../../Engine/Plugins/Media/MediaCompositing/Content/DefaultMediaPlaneMaterial.uasset" 249
"../../../mProject22/Content/PixelDrive/Blueprints/CarController.uasset" 250
"../../../mProject22/Content/PixelDrive/Textures/Textures190318.uasset" 251
"../../../mProject22/Content/PixelDrive/Textures/Textures190318_Car6.uasset" 252
"../../../mProject22/Content/PixelDrive/Blueprints/PlayerCar1.uasset" 253
"../../../mProject22/Content/PixelDrive/Blueprints/SavePlayer.uasset" 254
"../../../mProject22/Content/PixelDrive/Blueprints/Biomes.uasset" 255
"../../../mProject22/Content/PixelDrive/Blueprints/Obstacles.uasset" 256
"../../../mProject22/Content/PixelDrive/Textures/Textures190318_Animal0.uasset" 257
"../../../mProject22/Content/PixelDrive/Textures/Textures190318_Animal1.uasset" 258
"../../../mProject22/Content/PixelDrive/Textures/Textures190318_Bicycle_0.uasset" 259
"../../../mProject22/Content/PixelDrive/Textures/Textures190318_Pit_0.uasset" 260
"../../../mProject22/Content/PixelDrive/Blueprints/Obstacle.uasset" 261
"../../../mProject22/Content/PixelDrive/Textures/Textures190318_Car0.uasset" 262
"../../../mProject22/Content/PixelDrive/Textures/Textures190318_Car1.uasset" 263
"../../../mProject22/Content/PixelDrive/Textures/Textures190318_Car11.uasset" 264
"../../../mProject22/Content/PixelDrive/Textures/Textures190318_Car12.uasset" 265
"../../../mProject22/Content/PixelDrive/Textures/Textures190318_Car13.uasset" 266
"../../../mProject22/Content/PixelDrive/Textures/Textures190318_Car2.uasset" 267
"../../../mProject22/Content/PixelDrive/Textures/Textures190318_Car3.uasset" 268
"../../../mProject22/Content/PixelDrive/Textures/Textures190318_Car4.uasset" 269
"../../../mProject22/Content/PixelDrive/Textures/Textures190318_Car5.uasset" 270
"../../../mProject22/Content/PixelDrive/Blueprints/Car.uasset" 271
"../../../mProject22/Content/PixelDrive/Textures/Textures190318_Coin_0.uasset" 272
"../../../mProject22/Content/PixelDrive/Blueprints/Item.uasset" 273
"../../../mProject22/Content/PixelDrive/Blueprints/Coin.uasset" 274
"../../../mProject22/Content/PixelDrive/Music/Effects.uasset" 275
"../../../mProject22/Content/PixelDrive/Music/Hit.uasset" 276
"../../../mProject22/Content/PixelDrive/Blueprints/MeetingCar.uasset" 277
"../../../mProject22/Content/PixelDrive/Blueprints/MenuState.uasset" 278
"../../../mProject22/Content/PixelDrive/Blueprints/QuestType.uasset" 279
"../../../mProject22/Content/PixelDrive/Music/Coin.uasset" 280
"../../../mProject22/Content/PixelDrive/Blueprints/PlayerCar.uasset" 281
"../../../mProject22/Content/PixelDrive/manaspc.uasset" 282
"../../../mProject22/Content/PixelDrive/manaspc_Font.uasset" 283
"../../../mProject22/Content/PixelDrive/Blueprints/QuestInfo.uasset" 284
"../../../mProject22/Content/PixelDrive/Music/Select.uasset" 285
"../../../mProject22/Content/PixelDrive/Music/Ultra.uasset" 286
"../../../mProject22/Content/PixelDrive/Textures/Textures190318_Controller0.uasset" 287
"../../../mProject22/Content/PixelDrive/Textures/Textures190318_Controller1.uasset" 288
"../../../mProject22/Content/PixelDrive/Textures/Textures190318_Controller2.uasset" 289
"../../../mProject22/Content/PixelDrive/Textures/Textures190318_Controller3.uasset" 290
"../../../mProject22/Content/PixelDrive/Textures/Textures190318_Controller4.uasset" 291
"../../../mProject22/Content/PixelDrive/Textures/Textures190318_Controller5.uasset" 292
"../../../mProject22/Content/PixelDrive/Textures/Textures190318_Health_0.uasset" 293
"../../../mProject22/Content/PixelDrive/Textures/Textures190318_MenuB0.uasset" 294
"../../../mProject22/Content/PixelDrive/Textures/Textures190318_MenuB1.uasset" 295
"../../../mProject22/Content/PixelDrive/Textures/Textures190318_MiniCoin_0.uasset" 296
"../../../mProject22/Content/PixelDrive/Textures/Textures190318_Panel_0.uasset" 297
"../../../mProject22/Content/PixelDrive/Textures/Textures190318_QuestButton_0.uasset" 298
"../../../mProject22/Content/PixelDrive/Textures/Textures190318_SettingsButton_0.uasset" 299
"../../../mProject22/Content/PixelDrive/Textures/Textures190318_SettingsButton_1.uasset" 300
"../../../mProject22/Content/PixelDrive/Blueprints/GameStarted.uasset" 301
"../../../mProject22/Content/PixelDrive/Blueprints/GameHud.uasset" 302
"../../../mProject22/Content/PixelDrive/Blueprints/CarGamemode.uasset" 303
"../../../mProject22/Content/PixelDrive/Blueprints/BG.uasset" 304
"../../../mProject22/Content/PixelDrive/Textures/CityBG.uasset" 305
"../../../mProject22/Content/PixelDrive/Textures/CityBG_Sprite.uasset" 306
"../../../mProject22/Content/PixelDrive/Blueprints/CityBG.uasset" 307
"../../../mProject22/Content/PixelDrive/Textures/FiledBG.uasset" 308
"../../../mProject22/Content/PixelDrive/Textures/FiledBG_Sprite.uasset" 309
"../../../mProject22/Content/PixelDrive/Blueprints/FieldBG.uasset" 310
"../../../mProject22/Content/PixelDrive/Textures/SuburbanBG.uasset" 311
"../../../mProject22/Content/PixelDrive/Textures/SuburbanBG_Sprite.uasset" 312
"../../../mProject22/Content/PixelDrive/Blueprints/SuburbanBG.uasset" 313
"../../../mProject22/Content/PixelDrive/Textures/TownBG.uasset" 314
"../../../mProject22/Content/PixelDrive/Textures/TownBG_Sprite.uasset" 315
"../../../mProject22/Content/PixelDrive/Blueprints/TownBG.uasset" 316
"../../../mProject22/Content/PixelDrive/Textures/Textures190318_Warning_0.uasset" 317
"../../../mProject22/Content/PixelDrive/Textures/Textures190318_Warning_1.uasset" 318
"../../../mProject22/Content/PixelDrive/Blueprints/Warning.uasset" 319
"../../../mProject22/Content/PixelDrive/Blueprints/Warner.uasset" 320
"../../../mProject22/Content/PixelDrive/Music/Music.uasset" 321
"../../../mProject22/Content/PixelDrive/Blueprints/VolumeMix.uasset" 322
"../../../mProject22/Content/PixelDrive/Music/PDGAME.uasset" 323
"../../../mProject22/Content/PixelDrive/Music/Warning.uasset" 324
"../../../mProject22/Content/PixelDrive/Maps/GameLevel.umap" 325
"../../../mProject22/Content/PixelDrive/Textures/PDMainMenuScreen.uasset" 326
"../../../mProject22/Content/PixelDrive/Blueprints/MainMenu.uasset" 327
"../../../mProject22/Content/PixelDrive/Maps/Menu.umap" 328
"../../../mProject22/Content/PixelDrive/Textures/Textures190318_SlideButton0.uasset" 329
"../../../mProject22/Content/PixelDrive/Blueprints/Options.uasset" 330
"../../../mProject22/Content/PixelDrive/Maps/Options.umap" 331
"../../../mProject22/Content/PixelDrive/Textures/Textures190318_Car7.uasset" 332
"../../../mProject22/Content/PixelDrive/Blueprints/PlayerCar2.uasset" 333
"../../../mProject22/Content/PixelDrive/Textures/Textures190318_Car8.uasset" 334
"../../../mProject22/Content/PixelDrive/Blueprints/PlayerCar3.uasset" 335
"../../../mProject22/Content/PixelDrive/Textures/Textures190318_Car9.uasset" 336
"../../../mProject22/Content/PixelDrive/Blueprints/PlayerCar4.uasset" 337
"../../../mProject22/Content/PixelDrive/Textures/Textures190318_Car10.uasset" 338
"../../../mProject22/Content/PixelDrive/Blueprints/PlayerCar5.uasset" 339
"../../../mProject22/Content/PixelDrive/Blueprints/CarStruct.uasset" 340
"../../../mProject22/Content/PixelDrive/Textures/Textures190318_SellB0.uasset" 341
"../../../mProject22/Content/PixelDrive/Textures/Textures190318_SellB1.uasset" 342
"../../../mProject22/Content/PixelDrive/Blueprints/SellingButton.uasset" 343
"../../../mProject22/Content/PixelDrive/Blueprints/Shop.uasset" 344
"../../../mProject22/Content/PixelDrive/Maps/Shop.umap" 345
"../../../Engine/Content/Maps/Entry.umap" 346
